<?xml version="1.0" encoding="UTF-8"?>
<testsuite name="InvoiceServiceTest" tests="4" skipped="0" failures="0" errors="0" timestamp="2020-09-01T04:27:19" hostname="ilaf-Inspiron-15-3567" time="0.004">
  <properties/>
  <testcase name="givenDistanceAndTime_whenSufficient_shouldReturnTotalFare" classname="InvoiceServiceTest" time="0.002"/>
  <testcase name="givenDistanceAndTime_whenLess_shouldReturnMinimumFare" classname="InvoiceServiceTest" time="0.0"/>
  <testcase name="givenUserIDAndRides_shouldReturnInvoiceSummary" classname="InvoiceServiceTest" time="0.001"/>
  <testcase name="givenDistanceAndTime_whenForMultipleRides_shouldReturnInvoiceSummary" classname="InvoiceServiceTest" time="0.0"/>
  <system-out><![CDATA[]]></system-out>
  <system-err><![CDATA[]]></system-err>
</testsuite>
