<?xml version="1.0" encoding="UTF-8"?>
<testsuite name="InvoiceServiceTest" tests="1" skipped="0" failures="0" errors="0" timestamp="2020-08-31T15:44:57" hostname="ilaf-Inspiron-15-3567" time="0.003">
  <properties/>
  <testcase name="givenUserIDAndRides_shouldReturnInvoiceSummary" classname="InvoiceServiceTest" time="0.003"/>
  <system-out><![CDATA[]]></system-out>
  <system-err><![CDATA[]]></system-err>
</testsuite>
